INFO         | Android emulator version 36.2.12.0 (build_id 14214601) (CL:N/A)
INFO         | Graphics backend: gfxstream
INFO         | Found systemPath C:\Users\rohan.cronje\AppData\Local\Android\Sdk\system-images/android-36/google_apis_playstore/x86_64/
INFO         | Changing default hw.initialOrientation to portrait

WARNING      | Please update the emulator to one that supports the feature(s): VulkanVirtualQueue
INFO         | IPv4 server found: 192.168.4.1
INFO         | Ignore IPv6 address: 20ee:6294:4202:0:20ee:6294:4202:0
INFO         | Ignore IPv6 address: 20ee:6294:4202:0:20ee:6294:4202:0
INFO         | Ignore IPv6 address: 20ee:6294:4202:0:20ee:6294:4202:0
INFO         | Ignore IPv6 address: 20f4:6294:4202:0:20ee:6294:4202:0
INFO         | Ignore IPv6 address: 20f4:6294:4202:0:20ee:6294:4202:0
INFO         | Ignore IPv6 address: 20f4:6294:4202:0:20ee:6294:4202:0
INFO         | Ignore IPv6 address: b8fb:6294:4202:0:20ee:6294:4202:0
INFO         | Ignore IPv6 address: b8fb:6294:4202:0:20ee:6294:4202:0
INFO         | Ignore IPv6 address: b8fb:6294:4202:0:20ee:6294:4202:0
INFO         | Ignore IPv6 address: 6003:6394:4202:0:20ee:6294:4202:0
INFO         | Ignore IPv6 address: 6003:6394:4202:0:20ee:6294:4202:0
INFO         | Ignore IPv6 address: 6003:6394:4202:0:20ee:6294:4202:0
INFO         | Ignore IPv6 address: 7809:6394:4202:0:20ee:6294:4202:0
INFO         | Ignore IPv6 address: 7809:6394:4202:0:20ee:6294:4202:0
INFO         | Ignore IPv6 address: 7809:6394:4202:0:20ee:6294:4202:0
INFO         | Ignore IPv6 address: 900f:6394:4202:0:20ee:6294:4202:0
INFO         | Ignore IPv6 address: 900f:6394:4202:0:20ee:6294:4202:0
INFO         | Ignore IPv6 address: 900f:6394:4202:0:20ee:6294:4202:0
INFO         | Ignore IPv6 address: 681f:6394:4202:0:20ee:6294:4202:0
INFO         | Ignore IPv6 address: 681f:6394:4202:0:20ee:6294:4202:0
INFO         | Ignore IPv6 address: 681f:6394:4202:0:20ee:6294:4202:0
INFO         | Ignore IPv6 address: 8825:6394:4202:0:20ee:6294:4202:0
INFO         | Ignore IPv6 address: 8825:6394:4202:0:20ee:6294:4202:0
INFO         | Ignore IPv6 address: 8825:6394:4202:0:20ee:6294:4202:0
##############################################################################
##                        WARNING - ACTION REQUIRED                         ##
##  Consider using the '-metrics-collection' flag to help improve the       ##
##  emulator by sending anonymized usage data. Or use the '-no-metrics'     ##
##  flag to bypass this warning and turn off the metrics collection.        ##
##  In a future release this warning will turn into a one-time blocking     ##
##  prompt to ask for explicit user input regarding metrics collection.     ##
##                                                                          ##
##  Please see '-help-metrics-collection' for more details. You can use     ##
##  '-metrics-to-file' or '-metrics-to-console' flags to see what type of   ##
##  data is being collected by emulator as part of usage statistics.        ##
##############################################################################
INFO         | Guest GLES Driver: Auto (ext controls)
library_mode swiftshader_indirect gpu mode swiftshader_indirect
INFO         | Checking system compatibility:
INFO         |   Checking: hasCompatibleHypervisor
INFO         |      Ok: Hypervisor compatibility to run avd: `qf` are met
INFO         |   Checking: hasSufficientSystem
INFO         |      Ok: System requirements to run avd: `qf` are met
INFO         |   Checking: hasSufficientHwGpu
INFO         |      Ok: Hardware GPU compatibility checks are not required
INFO         |   Checking: hasSufficientDiskSpace
INFO         |      Ok: Disk space requirements to run avd: `qf` are met
INFO         | Storing crashdata in: C:\Users\ROHAN~1.CRO\AppData\Local\Temp\\AndroidEmulator\emu-crash-36.2.12.db, detection is enabled for process: 42636
INFO         | Initializing hardware OpenGLES emulation support
INFO         | android_startOpenglesRenderer: gpu info
INFO         | GPU #1
  Make: 8086
  Model: Intel(R) Iris(R) Xe Graphics
  Device ID: a7a1

INFO         | HealthMonitor disabled.
INFO         | initIcdPaths: ICD set to 'swiftshader', using Swiftshader ICD
INFO         | Setting ICD filenames for the loader = C:\Users\rohan.cronje\AppData\Local\Android\Sdk\emulator\lib64\vulkan\vk_swiftshader_icd.json
INFO         | SharedLibrary::open for [vulkan-1.dll]
INFO         | SharedLibrary::open for [vulkan-1.dll]: not found in map, open for the first time
INFO         | SharedLibrary::open for [vulkan-1.dll] (win32): call LoadLibrary
INFO         | SharedLibrary::open succeeded for [vulkan-1.dll]. File name: [C:\windows\SYSTEM32\vulkan-1.dll]
INFO         | Added library: vulkan-1.dll
INFO         | Selecting Vulkan device: SwiftShader Device (LLVM 10.0.0), Version: 1.2.0
INFO         | Disabling sparse binding feature support
INFO         | SharedLibrary::open for [libGLESv2.dll]: not found in map, open for the first time
INFO         | SharedLibrary::open for [libGLESv2.dll] (win32): call LoadLibrary
INFO         | SharedLibrary::open succeeded for [libGLESv2.dll]. File name: [C:\Users\rohan.cronje\AppData\Local\Android\Sdk\emulator\lib64\gles_swiftshader\libGLESv2.dll]
INFO         | SharedLibrary::open for [libEGL.dll]: not found in map, open for the first time
INFO         | SharedLibrary::open for [libEGL.dll] (win32): call LoadLibrary
INFO         | SharedLibrary::open succeeded for [libEGL.dll]. File name: [C:\Users\rohan.cronje\AppData\Local\Android\Sdk\emulator\lib64\gles_swiftshader\libEGL.dll]
INFO         | Initializing VkEmulation features:
INFO         |     glInteropSupported: false
INFO         |     useDeferredCommands: true
INFO         |     createResourceWithRequirements: true
INFO         |     useVulkanComposition: false
INFO         |     useVulkanNativeSwapchain: false
INFO         |     enable guestRenderDoc: false
INFO         |     ASTC LDR emulation mode: Gpu
INFO         |     enable ETC2 emulation: true
INFO         |     enable Ycbcr emulation: false
INFO         |     guestVulkanOnly: false
INFO         |     useDedicatedAllocations: false
INFO         | Graphics Adapter Vendor Google (Google Inc.)
INFO         | Graphics Adapter Android Emulator OpenGL ES Translator (Google SwiftShader)
INFO         | Graphics API Version OpenGL ES 3.0 (OpenGL ES 3.0 SwiftShader 4.0.0.1)
INFO         | Graphics API Extensions GL_OES_EGL_sync GL_OES_EGL_image GL_OES_EGL_image_external GL_OES_depth24 GL_OES_depth32 GL_OES_element_index_uint GL_OES_texture_float GL_OES_texture_float_linear GL_OES_compressed_paletted_texture GL_OES_compressed_ETC1_RGB8_texture GL_OES_depth_texture GL_OES_texture_half_float GL_OES_texture_half_float_linear GL_OES_packed_depth_stencil GL_OES_vertex_half_float GL_OES_standard_derivatives GL_OES_texture_npot GL_OES_rgb8_rgba8 GL_EXT_color_buffer_float GL_EXT_color_buffer_half_float GL_EXT_texture_format_BGRA8888 GL_APPLE_texture_format_BGRA8888 
INFO         | Graphics Device Extensions N/A
INFO         | Sending adb public key [QAAAAKl0BwhnkPkj44PT5XG7y8lF9D0mqG4Rqw/XOdC9Ww1gpmVSfF4GV4tQCLhHOB6FhTYdvUZIiA6hcARbx0cq2XBDUs+C3Zl5U8wJi0eLZpz4GP6W+QnjjNdOd0kQNh66DitA5+QxcJU1R9XChL/kp/XwrkyXLU71wzj8mUFN7wWGDxtSwl0Poh8UYHU0MLfCX3cpCpBRZ1eWfO4q4ujEo/OJH/D4rvfCCxxYafb6/N804EO6AIA6J3YofUELcFjJWPSY3jLyqKP57c3oOfFfBUS6qkzC8ZjICUGndgoVTncmOV9CdePYuT97mFNUQ/Jly2S26HYOO0kq89BfwDzPzzo91kS9uVc9WB2Svvu3ED1k/UQHVEOU8AWKtJY2nz2OI4vxcPAwaCJtjiMy2NxhDt8fob7h6U/LlvzvTk7lV1H0XolS/9jF2zunieGxaBPkyKF4JL8/d07SD7llneJXxdzOzndcw9e+oOq8wIuMrD9xh1FAfTt6dMDTDz1cvMhrVPfX+zjLP9+X0nElaryPt7m0WyIyP+AgITUyHQn8MlQluTTjI2Mti3YBfKfZb2OyySNNbiJnE8ozgSSoC1byLAkajRNBX+3N3rqSU1IfmAg+exOlqQ4yKCL+jF5vSf9ZgWfaSjhtNnLH3Cd4XEWIeM/cyUcBBCZmh/XZU21oD18Q8bmsQQEAAQA= @unknown]
INFO         | Userspace boot properties:
INFO         |   androidboot.boot_devices=pci0000:00/0000:00:03.0 pci0000:00/0000:00:06.0
INFO         |   androidboot.dalvik.vm.heapsize=576m
INFO         |   androidboot.debug.hwui.renderer=skiagl
INFO         |   androidboot.debug.sf.nobootanimation=1
INFO         |   androidboot.hardware=ranchu
INFO         |   androidboot.hardware.gltransport=pipe
INFO         |   androidboot.hardware.vulkan=ranchu
INFO         |   androidboot.logcat=*:V
INFO         |   androidboot.opengles.version=196608
INFO         |   androidboot.qemu=1
INFO         |   androidboot.qemu.adb.pubkey=QAAAAKl0BwhnkPkj44PT5XG7y8lF9D0mqG4Rqw/XOdC9Ww1gpmVSfF4GV4tQCLhHOB6FhTYdvUZIiA6hcARbx0cq2XBDUs+C3Zl5U8wJi0eLZpz4GP6W+QnjjNdOd0kQNh66DitA5+QxcJU1R9XChL/kp/XwrkyXLU71wzj8mUFN7wWGDxtSwl0Poh8UYHU0MLfCX3cpCpBRZ1eWfO4q4ujEo/OJH/D4rvfCCxxYafb6/N804EO6AIA6J3YofUELcFjJWPSY3jLyqKP57c3oOfFfBUS6qkzC8ZjICUGndgoVTncmOV9CdePYuT97mFNUQ/Jly2S26HYOO0kq89BfwDzPzzo91kS9uVc9WB2Svvu3ED1k/UQHVEOU8AWKtJY2nz2OI4vxcPAwaCJtjiMy2NxhDt8fob7h6U/LlvzvTk7lV1H0XolS/9jF2zunieGxaBPkyKF4JL8/d07SD7llneJXxdzOzndcw9e+oOq8wIuMrD9xh1FAfTt6dMDTDz1cvMhrVPfX+zjLP9+X0nElaryPt7m0WyIyP+AgITUyHQn8MlQluTTjI2Mti3YBfKfZb2OyySNNbiJnE8ozgSSoC1byLAkajRNBX+3N3rqSU1IfmAg+exOlqQ4yKCL+jF5vSf9ZgWfaSjhtNnLH3Cd4XEWIeM/cyUcBBCZmh/XZU21oD18Q8bmsQQEAAQA= @unknown
INFO         |   androidboot.qemu.avd_name=qf
INFO         |   androidboot.qemu.camera_hq_edge_processing=0
INFO         |   androidboot.qemu.camera_protocol_ver=1
INFO         |   androidboot.qemu.cpuvulkan.version=4202496
INFO         |   androidboot.qemu.gltransport.drawFlushInterval=800
INFO         |   androidboot.qemu.gltransport.name=pipe
INFO         |   androidboot.qemu.hwcodec.avcdec=2
INFO         |   androidboot.qemu.hwcodec.hevcdec=2
INFO         |   androidboot.qemu.hwcodec.vpxdec=2
INFO         |   androidboot.qemu.settings.system.screen_off_timeout=2147483647
INFO         |   androidboot.qemu.virtiowifi=1
INFO         |   androidboot.qemu.vsync=60
INFO         |   androidboot.serialno=EMULATOR36X2X12X0
INFO         |   androidboot.vbmeta.digest=43d61dbc053c8dbf3adaff951e5bdfcf174ece9dd24ffe8e6120f951cb412b2a
INFO         |   androidboot.vbmeta.hash_alg=sha256
INFO         |   androidboot.vbmeta.size=6784
INFO         |   androidboot.veritymode=enforcing
WHPX on Windows 10.0.26200 detected.
Windows Hypervisor Platform accelerator is operational
netsimd I 07-08 07:21:52.334 daemon\src\rust_main.rs:100 - netsim artifacts path: "C:\\Users\\ROHAN~1.CRO\\AppData\\Local\\Temp\\netsimd"
netsimd I 07-08 07:21:52.334 daemon\src\rust_main.rs:103 - NetsimdArgs {
    fd_startup_str: None,
    no_cli_ui: true,
    no_web_ui: true,
    pcap: false,
    disable_address_reuse: false,
    hci_port: None,
    connector_instance: None,
    instance: None,
    logtostderr: false,
    dev: false,
    forward_host_mdns: false,
    vsock: None,
    config: None,
    host_dns: Some(
        "192.168.4.1",
    ),
    http_proxy: None,
    wifi_tap: None,
    wifi: None,
    test_beacons: false,
    no_test_beacons: false,
    no_shutdown: false,
    verbose: false,
    version: false,
    debug: DebugArgs {
        debug_no_traffic: false,
        debug_no_network: false,
        debug_no_wmedium: false,
        debug_no_mdns_wmedium: false,
        debug_no_guest_to_host_mdns: false,
    },
    rssi: None,
}
INFO         | Activated packet streamer for uwb emulation
INFO         | Activated packet streamer for bluetooth emulation
INFO         | Monitoring duration of emulator setup.
WARNING      | The emulator now requires a signed jwt token for gRPC access! Use the -grpc flag if you really want an open unprotected grpc port
INFO         | Using security allow list from: C:\Users\rohan.cronje\AppData\Local\Android\Sdk\emulator\lib\emulator_access.json
WARNING      | *** Basic token auth should only be used by android-studio ***
INFO         | The active JSON Web Key Sets can be found here: C:\Users\rohan.cronje\AppData\Local\Temp\avd\running\42636\jwks\4bd8f152-93bc-415f-b5cf-ea04b86c74a9\active.jwk
INFO         | Scanning C:\Users\rohan.cronje\AppData\Local\Temp\avd\running\42636\jwks\4bd8f152-93bc-415f-b5cf-ea04b86c74a9 for jwk keys.
INFO         | Started GRPC server at 127.0.0.1:8554, security: Local, auth: +token
INFO         | Advertising in: C:\Users\rohan.cronje\AppData\Local\Temp\avd\running\pid_42636.ini
INFO         | Setting display: 0 configuration to: 1080x2160, dpi: 420x420 
INFO         | setDisplayActiveConfig 0
USER_INFO    | Emulator is performing a full startup. This may take upto two minutes, or more.
WARNING      | Failed to process .ini file C:\Users\rohan.cronje\.android\emu-update-last-check.ini for reading.
WARNING      | Failed to process .ini file C:\Users\rohan.cronje\.android\emu-update-last-check.ini for reading.
INFO         | Boot completed in 89799 ms
INFO         | Increasing screen off timeout, logcat buffer size to 2M.
INFO         | IPv4 server found: 192.168.4.1
INFO         | Ignore IPv6 address: b05e:6e92:4302:0:b05e:6e92:4302:0
INFO         | Ignore IPv6 address: b05e:6e92:4302:0:b05e:6e92:4302:0
INFO         | Ignore IPv6 address: b05e:6e92:4302:0:b05e:6e92:4302:0
INFO         | Ignore IPv6 address: b064:6e92:4302:0:b05e:6e92:4302:0
INFO         | Ignore IPv6 address: b064:6e92:4302:0:b05e:6e92:4302:0
INFO         | Ignore IPv6 address: b064:6e92:4302:0:b05e:6e92:4302:0
INFO         | Ignore IPv6 address: 486c:6e92:4302:0:b05e:6e92:4302:0
INFO         | Ignore IPv6 address: 486c:6e92:4302:0:b05e:6e92:4302:0
INFO         | Ignore IPv6 address: 486c:6e92:4302:0:b05e:6e92:4302:0
INFO         | Ignore IPv6 address: f073:6e92:4302:0:b05e:6e92:4302:0
INFO         | Ignore IPv6 address: f073:6e92:4302:0:b05e:6e92:4302:0
INFO         | Ignore IPv6 address: f073:6e92:4302:0:b05e:6e92:4302:0
INFO         | Ignore IPv6 address: 87a:6e92:4302:0:b05e:6e92:4302:0
INFO         | Ignore IPv6 address: 87a:6e92:4302:0:b05e:6e92:4302:0
INFO         | Ignore IPv6 address: 87a:6e92:4302:0:b05e:6e92:4302:0
INFO         | Ignore IPv6 address: 2080:6e92:4302:0:b05e:6e92:4302:0
INFO         | Ignore IPv6 address: 2080:6e92:4302:0:b05e:6e92:4302:0
INFO         | Ignore IPv6 address: 2080:6e92:4302:0:b05e:6e92:4302:0
INFO         | Ignore IPv6 address: f88f:6e92:4302:0:b05e:6e92:4302:0
INFO         | Ignore IPv6 address: f88f:6e92:4302:0:b05e:6e92:4302:0
INFO         | Ignore IPv6 address: f88f:6e92:4302:0:b05e:6e92:4302:0
INFO         | Ignore IPv6 address: 1896:6e92:4302:0:b05e:6e92:4302:0
INFO         | Ignore IPv6 address: 1896:6e92:4302:0:b05e:6e92:4302:0
INFO         | Ignore IPv6 address: 1896:6e92:4302:0:b05e:6e92:4302:0
INFO         | IPv4 server found: 192.168.4.1
INFO         | Ignore IPv6 address: b05e:6e92:4302:0:b05e:6e92:4302:0
INFO         | Ignore IPv6 address: b05e:6e92:4302:0:b05e:6e92:4302:0
INFO         | Ignore IPv6 address: b05e:6e92:4302:0:b05e:6e92:4302:0
INFO         | Ignore IPv6 address: b064:6e92:4302:0:b05e:6e92:4302:0
INFO         | Ignore IPv6 address: b064:6e92:4302:0:b05e:6e92:4302:0
INFO         | Ignore IPv6 address: b064:6e92:4302:0:b05e:6e92:4302:0
INFO         | Ignore IPv6 address: 486c:6e92:4302:0:b05e:6e92:4302:0
INFO         | Ignore IPv6 address: 486c:6e92:4302:0:b05e:6e92:4302:0
INFO         | Ignore IPv6 address: 486c:6e92:4302:0:b05e:6e92:4302:0
INFO         | Ignore IPv6 address: f073:6e92:4302:0:b05e:6e92:4302:0
INFO         | Ignore IPv6 address: f073:6e92:4302:0:b05e:6e92:4302:0
INFO         | Ignore IPv6 address: f073:6e92:4302:0:b05e:6e92:4302:0
INFO         | Ignore IPv6 address: 87a:6e92:4302:0:b05e:6e92:4302:0
INFO         | Ignore IPv6 address: 87a:6e92:4302:0:b05e:6e92:4302:0
INFO         | Ignore IPv6 address: 87a:6e92:4302:0:b05e:6e92:4302:0
INFO         | Ignore IPv6 address: 2080:6e92:4302:0:b05e:6e92:4302:0
INFO         | Ignore IPv6 address: 2080:6e92:4302:0:b05e:6e92:4302:0
INFO         | Ignore IPv6 address: 2080:6e92:4302:0:b05e:6e92:4302:0
INFO         | Ignore IPv6 address: f88f:6e92:4302:0:b05e:6e92:4302:0
INFO         | Ignore IPv6 address: f88f:6e92:4302:0:b05e:6e92:4302:0
INFO         | Ignore IPv6 address: f88f:6e92:4302:0:b05e:6e92:4302:0
INFO         | Ignore IPv6 address: 1896:6e92:4302:0:b05e:6e92:4302:0
INFO         | Ignore IPv6 address: 1896:6e92:4302:0:b05e:6e92:4302:0
INFO         | Ignore IPv6 address: 1896:6e92:4302:0:b05e:6e92:4302:0
INFO         | IPv4 server found: 192.168.4.1
INFO         | Ignore IPv6 address: b05e:6e92:4302:0:b05e:6e92:4302:0
INFO         | Ignore IPv6 address: b05e:6e92:4302:0:b05e:6e92:4302:0
INFO         | Ignore IPv6 address: b05e:6e92:4302:0:b05e:6e92:4302:0
INFO         | Ignore IPv6 address: b064:6e92:4302:0:b05e:6e92:4302:0
INFO         | Ignore IPv6 address: b064:6e92:4302:0:b05e:6e92:4302:0
INFO         | Ignore IPv6 address: b064:6e92:4302:0:b05e:6e92:4302:0
INFO         | Ignore IPv6 address: 486c:6e92:4302:0:b05e:6e92:4302:0
INFO         | Ignore IPv6 address: 486c:6e92:4302:0:b05e:6e92:4302:0
INFO         | Ignore IPv6 address: 486c:6e92:4302:0:b05e:6e92:4302:0
INFO         | Ignore IPv6 address: f073:6e92:4302:0:b05e:6e92:4302:0
INFO         | Ignore IPv6 address: f073:6e92:4302:0:b05e:6e92:4302:0
INFO         | Ignore IPv6 address: f073:6e92:4302:0:b05e:6e92:4302:0
INFO         | Ignore IPv6 address: 87a:6e92:4302:0:b05e:6e92:4302:0
INFO         | Ignore IPv6 address: 87a:6e92:4302:0:b05e:6e92:4302:0
INFO         | Ignore IPv6 address: 87a:6e92:4302:0:b05e:6e92:4302:0
INFO         | Ignore IPv6 address: 2080:6e92:4302:0:b05e:6e92:4302:0
INFO         | Ignore IPv6 address: 2080:6e92:4302:0:b05e:6e92:4302:0
INFO         | Ignore IPv6 address: 2080:6e92:4302:0:b05e:6e92:4302:0
INFO         | Ignore IPv6 address: f88f:6e92:4302:0:b05e:6e92:4302:0
INFO         | Ignore IPv6 address: f88f:6e92:4302:0:b05e:6e92:4302:0
INFO         | Ignore IPv6 address: f88f:6e92:4302:0:b05e:6e92:4302:0
INFO         | Ignore IPv6 address: 1896:6e92:4302:0:b05e:6e92:4302:0
INFO         | Ignore IPv6 address: 1896:6e92:4302:0:b05e:6e92:4302:0
INFO         | Ignore IPv6 address: 1896:6e92:4302:0:b05e:6e92:4302:0
INFO         | Created VkInstance:000002439236EEC0 for application:'' engine:''.
INFO         | Destroyed VkInstance:000002439236EEC0 for application:'' engine:''.
INFO         | IPv4 server found: 10.160.94.5
INFO         | Ignore IPv6 address: 4096:5d89:4302:0:4096:5d89:4302:0
INFO         | Ignore IPv6 address: 4096:5d89:4302:0:4096:5d89:4302:0
INFO         | Ignore IPv6 address: 4096:5d89:4302:0:4096:5d89:4302:0
INFO         | Ignore IPv6 address: 409c:5d89:4302:0:4096:5d89:4302:0
INFO         | Ignore IPv6 address: 409c:5d89:4302:0:4096:5d89:4302:0
INFO         | Ignore IPv6 address: 409c:5d89:4302:0:4096:5d89:4302:0
INFO         | Ignore IPv6 address: d8a3:5d89:4302:0:4096:5d89:4302:0
INFO         | Ignore IPv6 address: d8a3:5d89:4302:0:4096:5d89:4302:0
INFO         | Ignore IPv6 address: d8a3:5d89:4302:0:4096:5d89:4302:0
INFO         | Ignore IPv6 address: 80ab:5d89:4302:0:4096:5d89:4302:0
INFO         | Ignore IPv6 address: 80ab:5d89:4302:0:4096:5d89:4302:0
INFO         | Ignore IPv6 address: 80ab:5d89:4302:0:4096:5d89:4302:0
INFO         | Ignore IPv6 address: 98b1:5d89:4302:0:4096:5d89:4302:0
INFO         | Ignore IPv6 address: 98b1:5d89:4302:0:4096:5d89:4302:0
INFO         | Ignore IPv6 address: 98b1:5d89:4302:0:4096:5d89:4302:0
INFO         | Ignore IPv6 address: 98bf:5d89:4302:0:4096:5d89:4302:0
INFO         | Ignore IPv6 address: 98bf:5d89:4302:0:4096:5d89:4302:0
INFO         | Ignore IPv6 address: 98bf:5d89:4302:0:4096:5d89:4302:0
INFO         | Ignore IPv6 address: a0c5:5d89:4302:0:4096:5d89:4302:0
INFO         | Ignore IPv6 address: a0c5:5d89:4302:0:4096:5d89:4302:0
INFO         | Ignore IPv6 address: a0c5:5d89:4302:0:4096:5d89:4302:0
INFO         | Ignore IPv6 address: c0cb:5d89:4302:0:4096:5d89:4302:0
INFO         | Ignore IPv6 address: c0cb:5d89:4302:0:4096:5d89:4302:0
INFO         | Ignore IPv6 address: c0cb:5d89:4302:0:4096:5d89:4302:0
INFO         | IPv4 server found: 10.160.94.5
INFO         | Ignore IPv6 address: 4096:5d89:4302:0:4096:5d89:4302:0
INFO         | Ignore IPv6 address: 4096:5d89:4302:0:4096:5d89:4302:0
INFO         | Ignore IPv6 address: 4096:5d89:4302:0:4096:5d89:4302:0
INFO         | Ignore IPv6 address: 409c:5d89:4302:0:4096:5d89:4302:0
INFO         | Ignore IPv6 address: 409c:5d89:4302:0:4096:5d89:4302:0
INFO         | Ignore IPv6 address: 409c:5d89:4302:0:4096:5d89:4302:0
INFO         | Ignore IPv6 address: d8a3:5d89:4302:0:4096:5d89:4302:0
INFO         | Ignore IPv6 address: d8a3:5d89:4302:0:4096:5d89:4302:0
INFO         | Ignore IPv6 address: d8a3:5d89:4302:0:4096:5d89:4302:0
INFO         | Ignore IPv6 address: 80ab:5d89:4302:0:4096:5d89:4302:0
INFO         | Ignore IPv6 address: 80ab:5d89:4302:0:4096:5d89:4302:0
INFO         | Ignore IPv6 address: 80ab:5d89:4302:0:4096:5d89:4302:0
INFO         | Ignore IPv6 address: 98b1:5d89:4302:0:4096:5d89:4302:0
INFO         | Ignore IPv6 address: 98b1:5d89:4302:0:4096:5d89:4302:0
INFO         | Ignore IPv6 address: 98b1:5d89:4302:0:4096:5d89:4302:0
INFO         | Ignore IPv6 address: 98bf:5d89:4302:0:4096:5d89:4302:0
INFO         | Ignore IPv6 address: 98bf:5d89:4302:0:4096:5d89:4302:0
INFO         | Ignore IPv6 address: 98bf:5d89:4302:0:4096:5d89:4302:0
INFO         | Ignore IPv6 address: a0c5:5d89:4302:0:4096:5d89:4302:0
INFO         | Ignore IPv6 address: a0c5:5d89:4302:0:4096:5d89:4302:0
INFO         | Ignore IPv6 address: a0c5:5d89:4302:0:4096:5d89:4302:0
INFO         | Ignore IPv6 address: c0cb:5d89:4302:0:4096:5d89:4302:0
INFO         | Ignore IPv6 address: c0cb:5d89:4302:0:4096:5d89:4302:0
INFO         | Ignore IPv6 address: c0cb:5d89:4302:0:4096:5d89:4302:0
INFO         | IPv4 server found: 10.160.94.5
INFO         | Ignore IPv6 address: 4096:5d89:4302:0:4096:5d89:4302:0
INFO         | Ignore IPv6 address: 4096:5d89:4302:0:4096:5d89:4302:0
INFO         | Ignore IPv6 address: 4096:5d89:4302:0:4096:5d89:4302:0
INFO         | Ignore IPv6 address: 409c:5d89:4302:0:4096:5d89:4302:0
INFO         | Ignore IPv6 address: 409c:5d89:4302:0:4096:5d89:4302:0
INFO         | Ignore IPv6 address: 409c:5d89:4302:0:4096:5d89:4302:0
INFO         | Ignore IPv6 address: d8a3:5d89:4302:0:4096:5d89:4302:0
INFO         | Ignore IPv6 address: d8a3:5d89:4302:0:4096:5d89:4302:0
INFO         | Ignore IPv6 address: d8a3:5d89:4302:0:4096:5d89:4302:0
INFO         | Ignore IPv6 address: 80ab:5d89:4302:0:4096:5d89:4302:0
INFO         | Ignore IPv6 address: 80ab:5d89:4302:0:4096:5d89:4302:0
INFO         | Ignore IPv6 address: 80ab:5d89:4302:0:4096:5d89:4302:0
INFO         | Ignore IPv6 address: 98b1:5d89:4302:0:4096:5d89:4302:0
INFO         | Ignore IPv6 address: 98b1:5d89:4302:0:4096:5d89:4302:0
INFO         | Ignore IPv6 address: 98b1:5d89:4302:0:4096:5d89:4302:0
INFO         | Ignore IPv6 address: 98bf:5d89:4302:0:4096:5d89:4302:0
INFO         | Ignore IPv6 address: 98bf:5d89:4302:0:4096:5d89:4302:0
INFO         | Ignore IPv6 address: 98bf:5d89:4302:0:4096:5d89:4302:0
INFO         | Ignore IPv6 address: a0c5:5d89:4302:0:4096:5d89:4302:0
INFO         | Ignore IPv6 address: a0c5:5d89:4302:0:4096:5d89:4302:0
INFO         | Ignore IPv6 address: a0c5:5d89:4302:0:4096:5d89:4302:0
INFO         | Ignore IPv6 address: c0cb:5d89:4302:0:4096:5d89:4302:0
INFO         | Ignore IPv6 address: c0cb:5d89:4302:0:4096:5d89:4302:0
INFO         | Ignore IPv6 address: c0cb:5d89:4302:0:4096:5d89:4302:0
INFO         | IPv4 server found: 10.160.94.5
INFO         | Ignore IPv6 address: 40d5:5982:4202:0:40d5:5982:4202:0
INFO         | Ignore IPv6 address: 40d5:5982:4202:0:40d5:5982:4202:0
INFO         | Ignore IPv6 address: 40d5:5982:4202:0:40d5:5982:4202:0
INFO         | Ignore IPv6 address: 40db:5982:4202:0:40d5:5982:4202:0
INFO         | Ignore IPv6 address: 40db:5982:4202:0:40d5:5982:4202:0
INFO         | Ignore IPv6 address: 40db:5982:4202:0:40d5:5982:4202:0
INFO         | Ignore IPv6 address: d8e2:5982:4202:0:40d5:5982:4202:0
INFO         | Ignore IPv6 address: d8e2:5982:4202:0:40d5:5982:4202:0
INFO         | Ignore IPv6 address: d8e2:5982:4202:0:40d5:5982:4202:0
INFO         | Ignore IPv6 address: 80ea:5982:4202:0:40d5:5982:4202:0
INFO         | Ignore IPv6 address: 80ea:5982:4202:0:40d5:5982:4202:0
INFO         | Ignore IPv6 address: 80ea:5982:4202:0:40d5:5982:4202:0
INFO         | Ignore IPv6 address: 98f0:5982:4202:0:40d5:5982:4202:0
INFO         | Ignore IPv6 address: 98f0:5982:4202:0:40d5:5982:4202:0
INFO         | Ignore IPv6 address: 98f0:5982:4202:0:40d5:5982:4202:0
INFO         | Ignore IPv6 address: 98fe:5982:4202:0:40d5:5982:4202:0
INFO         | Ignore IPv6 address: 98fe:5982:4202:0:40d5:5982:4202:0
INFO         | Ignore IPv6 address: 98fe:5982:4202:0:40d5:5982:4202:0
INFO         | Ignore IPv6 address: a004:5a82:4202:0:40d5:5982:4202:0
INFO         | Ignore IPv6 address: a004:5a82:4202:0:40d5:5982:4202:0
INFO         | Ignore IPv6 address: a004:5a82:4202:0:40d5:5982:4202:0
INFO         | Ignore IPv6 address: c00a:5a82:4202:0:40d5:5982:4202:0
INFO         | Ignore IPv6 address: c00a:5a82:4202:0:40d5:5982:4202:0
INFO         | Ignore IPv6 address: c00a:5a82:4202:0:40d5:5982:4202:0
INFO         | IPv4 server found: 10.160.94.5
INFO         | Ignore IPv6 address: 40d5:5982:4202:0:40d5:5982:4202:0
INFO         | Ignore IPv6 address: 40d5:5982:4202:0:40d5:5982:4202:0
INFO         | Ignore IPv6 address: 40d5:5982:4202:0:40d5:5982:4202:0
INFO         | Ignore IPv6 address: 40db:5982:4202:0:40d5:5982:4202:0
INFO         | Ignore IPv6 address: 40db:5982:4202:0:40d5:5982:4202:0
INFO         | Ignore IPv6 address: 40db:5982:4202:0:40d5:5982:4202:0
INFO         | Ignore IPv6 address: d8e2:5982:4202:0:40d5:5982:4202:0
INFO         | Ignore IPv6 address: d8e2:5982:4202:0:40d5:5982:4202:0
INFO         | Ignore IPv6 address: d8e2:5982:4202:0:40d5:5982:4202:0
INFO         | Ignore IPv6 address: 80ea:5982:4202:0:40d5:5982:4202:0
INFO         | Ignore IPv6 address: 80ea:5982:4202:0:40d5:5982:4202:0
INFO         | Ignore IPv6 address: 80ea:5982:4202:0:40d5:5982:4202:0
INFO         | Ignore IPv6 address: 98f0:5982:4202:0:40d5:5982:4202:0
INFO         | Ignore IPv6 address: 98f0:5982:4202:0:40d5:5982:4202:0
INFO         | Ignore IPv6 address: 98f0:5982:4202:0:40d5:5982:4202:0
INFO         | Ignore IPv6 address: 98fe:5982:4202:0:40d5:5982:4202:0
INFO         | Ignore IPv6 address: 98fe:5982:4202:0:40d5:5982:4202:0
INFO         | Ignore IPv6 address: 98fe:5982:4202:0:40d5:5982:4202:0
INFO         | Ignore IPv6 address: a004:5a82:4202:0:40d5:5982:4202:0
INFO         | Ignore IPv6 address: a004:5a82:4202:0:40d5:5982:4202:0
INFO         | Ignore IPv6 address: a004:5a82:4202:0:40d5:5982:4202:0
INFO         | Ignore IPv6 address: c00a:5a82:4202:0:40d5:5982:4202:0
INFO         | Ignore IPv6 address: c00a:5a82:4202:0:40d5:5982:4202:0
INFO         | Ignore IPv6 address: c00a:5a82:4202:0:40d5:5982:4202:0
INFO         | IPv4 server found: 10.160.94.5
INFO         | Ignore IPv6 address: 40d5:5982:4202:0:40d5:5982:4202:0
INFO         | Ignore IPv6 address: 40d5:5982:4202:0:40d5:5982:4202:0
INFO         | Ignore IPv6 address: 40d5:5982:4202:0:40d5:5982:4202:0
INFO         | Ignore IPv6 address: 40db:5982:4202:0:40d5:5982:4202:0
INFO         | Ignore IPv6 address: 40db:5982:4202:0:40d5:5982:4202:0
INFO         | Ignore IPv6 address: 40db:5982:4202:0:40d5:5982:4202:0
INFO         | Ignore IPv6 address: d8e2:5982:4202:0:40d5:5982:4202:0
INFO         | Ignore IPv6 address: d8e2:5982:4202:0:40d5:5982:4202:0
INFO         | Ignore IPv6 address: d8e2:5982:4202:0:40d5:5982:4202:0
INFO         | Ignore IPv6 address: 80ea:5982:4202:0:40d5:5982:4202:0
INFO         | Ignore IPv6 address: 80ea:5982:4202:0:40d5:5982:4202:0
INFO         | Ignore IPv6 address: 80ea:5982:4202:0:40d5:5982:4202:0
INFO         | Ignore IPv6 address: 98f0:5982:4202:0:40d5:5982:4202:0
INFO         | Ignore IPv6 address: 98f0:5982:4202:0:40d5:5982:4202:0
INFO         | Ignore IPv6 address: 98f0:5982:4202:0:40d5:5982:4202:0
INFO         | Ignore IPv6 address: 98fe:5982:4202:0:40d5:5982:4202:0
INFO         | Ignore IPv6 address: 98fe:5982:4202:0:40d5:5982:4202:0
INFO         | Ignore IPv6 address: 98fe:5982:4202:0:40d5:5982:4202:0
INFO         | Ignore IPv6 address: a004:5a82:4202:0:40d5:5982:4202:0
INFO         | Ignore IPv6 address: a004:5a82:4202:0:40d5:5982:4202:0
INFO         | Ignore IPv6 address: a004:5a82:4202:0:40d5:5982:4202:0
INFO         | Ignore IPv6 address: c00a:5a82:4202:0:40d5:5982:4202:0
INFO         | Ignore IPv6 address: c00a:5a82:4202:0:40d5:5982:4202:0
INFO         | Ignore IPv6 address: c00a:5a82:4202:0:40d5:5982:4202:0
